<?xml version="1.0" encoding="UTF-8"?>
<!-- Generated by org.testng.reporters.JUnitXMLReporter -->
<testsuite ignored="0" hostname="LAPTOP-23LMGRN3" failures="0" tests="5" name="Command line test" time="5.148" errors="0" timestamp="2026-05-14T04:10:40 GMT-07:00">
  <testcase classname="TestNGpack.TimeOutInvocationTimeOut" name="test1" time="1.017"/>
  <testcase classname="TestNGpack.TimeOutInvocationTimeOut" name="test1" time="1.003"/>
  <testcase classname="TestNGpack.TimeOutInvocationTimeOut" name="test1" time="1.003"/>
  <testcase classname="TestNGpack.TimeOutInvocationTimeOut" name="test1" time="1.007"/>
  <testcase classname="TestNGpack.TimeOutInvocationTimeOut" name="test1" time="1.004"/>
</testsuite> <!-- Command line test -->
