<?xml version="1.0" encoding="UTF-8"?>
<!-- Generated by org.testng.reporters.JUnitXMLReporter -->
<testsuite ignored="0" hostname="LAPTOP-23LMGRN3" failures="0" tests="3" name="Command line test" time="0.112" errors="0" timestamp="2026-05-12T03:27:43 GMT-07:00">
  <testcase classname="TestNGpack.DataProviderExmpl1" name="test1" time="0.011"/>
  <testcase classname="TestNGpack.DataProviderExmpl1" name="test1" time="0.003"/>
  <testcase classname="TestNGpack.DataProviderExmpl1" name="test1" time="0.001"/>
</testsuite> <!-- Command line test -->
