<?xml version="1.0" encoding="UTF-8"?>
<testng-results ignored="0" total="3" passed="3" failed="0" skipped="0">
  <reporter-output>
  </reporter-output>
  <suite started-at="2026-05-12T03:27:43 GMT-07:00" name="Command line suite" finished-at="2026-05-12T03:27:43 GMT-07:00" duration-ms="112">
    <groups>
    </groups>
    <test started-at="2026-05-12T03:27:43 GMT-07:00" name="Command line test" finished-at="2026-05-12T03:27:43 GMT-07:00" duration-ms="112">
      <class name="TestNGpack.DataProviderExmpl1">
        <test-method signature="test1(java.lang.String,java.lang.String,java.lang.String)[pri:0, instance:TestNGpack.DataProviderExmpl1@7d907bac]" started-at="2026-05-12T03:27:43 GMT-07:00" name="test1" data-provider="dataprovider" finished-at="2026-05-12T03:27:43 GMT-07:00" duration-ms="11" status="PASS">
          <params>
            <param index="0">
              <value>
                <![CDATA[username1]]>
              </value>
            </param>
            <param index="1">
              <value>
                <![CDATA[password1]]>
              </value>
            </param>
            <param index="2">
              <value>
                <![CDATA[email1]]>
              </value>
            </param>
          </params>
          <reporter-output>
          </reporter-output>
        </test-method> <!-- test1 -->
        <test-method signature="test1(java.lang.String,java.lang.String,java.lang.String)[pri:0, instance:TestNGpack.DataProviderExmpl1@7d907bac]" started-at="2026-05-12T03:27:43 GMT-07:00" name="test1" data-provider="dataprovider" finished-at="2026-05-12T03:27:43 GMT-07:00" duration-ms="3" status="PASS">
          <params>
            <param index="0">
              <value>
                <![CDATA[username2]]>
              </value>
            </param>
            <param index="1">
              <value>
                <![CDATA[password2]]>
              </value>
            </param>
            <param index="2">
              <value>
                <![CDATA[email2]]>
              </value>
            </param>
          </params>
          <reporter-output>
          </reporter-output>
        </test-method> <!-- test1 -->
        <test-method signature="test1(java.lang.String,java.lang.String,java.lang.String)[pri:0, instance:TestNGpack.DataProviderExmpl1@7d907bac]" started-at="2026-05-12T03:27:43 GMT-07:00" name="test1" data-provider="dataprovider" finished-at="2026-05-12T03:27:43 GMT-07:00" duration-ms="1" status="PASS">
          <params>
            <param index="0">
              <value>
                <![CDATA[username3]]>
              </value>
            </param>
            <param index="1">
              <value>
                <![CDATA[password3]]>
              </value>
            </param>
            <param index="2">
              <value>
                <![CDATA[email3]]>
              </value>
            </param>
          </params>
          <reporter-output>
          </reporter-output>
        </test-method> <!-- test1 -->
      </class> <!-- TestNGpack.DataProviderExmpl1 -->
    </test> <!-- Command line test -->
  </suite> <!-- Command line suite -->
</testng-results>
