<?xml version="1.0" encoding="UTF-8"?>
<testng-results ignored="0" total="1" passed="1" failed="0" skipped="0">
  <reporter-output>
  </reporter-output>
  <suite started-at="2026-05-06T04:14:08 GMT-07:00" name="Command line suite" finished-at="2026-05-06T04:14:17 GMT-07:00" duration-ms="9070">
    <groups>
    </groups>
    <test started-at="2026-05-06T04:14:08 GMT-07:00" name="Command line test" finished-at="2026-05-06T04:14:17 GMT-07:00" duration-ms="9070">
      <class name="Pack1.SoftAssertion">
        <test-method signature="softAssertTest()[pri:0, instance:Pack1.SoftAssertion@370736d9]" started-at="2026-05-06T04:14:08 GMT-07:00" name="softAssertTest" finished-at="2026-05-06T04:14:17 GMT-07:00" duration-ms="9021" status="PASS">
          <reporter-output>
          </reporter-output>
        </test-method> <!-- softAssertTest -->
      </class> <!-- Pack1.SoftAssertion -->
    </test> <!-- Command line test -->
  </suite> <!-- Command line suite -->
</testng-results>
