<?xml version="1.0" encoding="UTF-8"?>
<!-- Generated by org.testng.reporters.JUnitReportReporter -->
<testsuite hostname="LAPTOP-23LMGRN3" failures="0" tests="3" name="TestNGpack.GroupingTestNG" time="0.010" errors="0" timestamp="2026-05-09T08:09:34 GMT-07:00" skipped="0">
  <testcase classname="TestNGpack.GroupingTestNG" name="test2" time="0.001"/>
  <testcase classname="TestNGpack.GroupingTestNG" name="test1" time="0.006"/>
  <testcase classname="TestNGpack.GroupingTestNG" name="test3" time="0.003"/>
</testsuite> <!-- TestNGpack.GroupingTestNG -->
