<?xml version="1.0" encoding="UTF-8"?>
<!-- Generated by org.testng.reporters.JUnitReportReporter -->
<testsuite hostname="LAPTOP-23LMGRN3" failures="0" tests="3" name="TestNGpack.DataProviderExmpl1" time="0.007" errors="0" timestamp="2026-05-13T03:45:37 GMT-07:00" skipped="0">
  <testcase classname="TestNGpack.DataProviderExmpl1" name="test1" time="0.001"/>
  <testcase classname="TestNGpack.DataProviderExmpl1" name="test1" time="0.006"/>
  <testcase classname="TestNGpack.DataProviderExmpl1" name="test1" time="0.000"/>
</testsuite> <!-- TestNGpack.DataProviderExmpl1 -->
