<?xml version="1.0" encoding="UTF-8"?>
<!-- Generated by org.testng.reporters.JUnitReportReporter -->
<testsuite hostname="LAPTOP-23LMGRN3" failures="0" tests="1" name="TestNGpack.InvocationCountInvocationTimeOut" time="5.064" errors="1" timestamp="2026-05-14T03:54:07 GMT-07:00" skipped="0">
  <testcase classname="TestNGpack.InvocationCountInvocationTimeOut" name="test2" time="5.064">
    <error message="Method TestNGpack.InvocationCountInvocationTimeOut.test2() didn&#039;t finish within the time-out 5000" type="org.testng.internal.thread.ThreadTimeoutException">
      <![CDATA[org.testng.internal.thread.ThreadTimeoutException: Method TestNGpack.InvocationCountInvocationTimeOut.test2() didn't finish within the time-out 5000
at java.base/java.lang.Thread.sleepNanos0(Native Method)
at java.base/java.lang.Thread.sleepNanos(Thread.java:509)
at java.base/java.lang.Thread.sleep(Thread.java:540)
at TestNGpack.InvocationCountInvocationTimeOut.test2(InvocationCountInvocationTimeOut.java:12)
at java.base/jdk.internal.reflect.DirectMethodHandleAccessor.invoke(DirectMethodHandleAccessor.java:104)
at java.base/java.lang.reflect.Method.invoke(Method.java:565)
at org.testng.internal.invokers.MethodInvocationHelper.invokeMethod(MethodInvocationHelper.java:141)
at org.testng.internal.invokers.InvokeMethodRunnable.runOne(InvokeMethodRunnable.java:47)
at org.testng.internal.invokers.InvokeMethodRunnable.call(InvokeMethodRunnable.java:73)
at org.testng.internal.invokers.InvokeMethodRunnable.call(InvokeMethodRunnable.java:11)
at java.base/java.util.concurrent.FutureTask.run(FutureTask.java:328)
at java.base/java.util.concurrent.ThreadPoolExecutor.runWorker(ThreadPoolExecutor.java:1090)
at java.base/java.util.concurrent.ThreadPoolExecutor$Worker.run(ThreadPoolExecutor.java:614)
at java.base/java.lang.Thread.run(Thread.java:1474)
]]>
    </error>
  </testcase> <!-- test2 -->
</testsuite> <!-- TestNGpack.InvocationCountInvocationTimeOut -->
