<?xml version="1.0" encoding="UTF-8"?>
<!-- Generated by org.testng.reporters.JUnitReportReporter -->
<testsuite hostname="LAPTOP-23LMGRN3" failures="0" tests="3" name="TestNGpack.TestNGExmp11" time="0.012" errors="0" timestamp="2026-04-30T05:14:28 GMT-07:00" skipped="0">
  <testcase classname="TestNGpack.TestNGExmp11" name="login" time="0.007"/>
  <testcase classname="TestNGpack.TestNGExmp11" name="inbox" time="0.003"/>
  <testcase classname="TestNGpack.TestNGExmp11" name="comp" time="0.002"/>
</testsuite> <!-- TestNGpack.TestNGExmp11 -->
