<?xml version="1.0" encoding="UTF-8"?>
<!-- Generated by org.testng.reporters.JUnitReportReporter -->
<testsuite hostname="LAPTOP-23LMGRN3" failures="0" tests="5" name="TestNGpack.InvocationCountExmpl" time="0.009" errors="0" timestamp="2026-05-13T04:42:28 GMT-07:00" skipped="0">
  <testcase classname="TestNGpack.InvocationCountExmpl" name="InvcCnt" time="0.001"/>
  <testcase classname="TestNGpack.InvocationCountExmpl" name="InvcCnt" time="0.001"/>
  <testcase classname="TestNGpack.InvocationCountExmpl" name="InvcCnt" time="0.006"/>
  <testcase classname="TestNGpack.InvocationCountExmpl" name="InvcCnt" time="0.000"/>
  <testcase classname="TestNGpack.InvocationCountExmpl" name="InvcCnt" time="0.001"/>
</testsuite> <!-- TestNGpack.InvocationCountExmpl -->
